<?xml version="1.0" encoding="UTF-8"?>
<testng-results ignored="0" total="1" passed="1" failed="0" skipped="0">
  <reporter-output>
  </reporter-output>
  <suite started-at="2023-12-15T14:57:11 IST" name="Default suite" finished-at="2023-12-15T14:57:30 IST" duration-ms="18708">
    <groups>
    </groups>
    <test started-at="2023-12-15T14:57:11 IST" name="Default test" finished-at="2023-12-15T14:57:30 IST" duration-ms="18708">
      <class name="Business_logic.end_to_endScript">
        <test-method is-config="true" signature="launch_app()[pri:0, instance:Business_logic.end_to_endScript@70e9c95d]" started-at="2023-12-15T14:57:11 IST" name="launch_app" finished-at="2023-12-15T14:57:15 IST" duration-ms="3348" status="PASS">
          <reporter-output>
          </reporter-output>
        </test-method> <!-- launch_app -->
        <test-method is-config="true" signature="login_app()[pri:0, instance:Business_logic.end_to_endScript@70e9c95d]" started-at="2023-12-15T14:57:15 IST" name="login_app" finished-at="2023-12-15T14:57:20 IST" duration-ms="5190" status="PASS">
          <reporter-output>
          </reporter-output>
        </test-method> <!-- login_app -->
        <test-method signature="login()[pri:0, instance:Business_logic.end_to_endScript@70e9c95d]" started-at="2023-12-15T14:57:20 IST" name="login" finished-at="2023-12-15T14:57:30 IST" duration-ms="10017" status="PASS">
          <reporter-output>
          </reporter-output>
        </test-method> <!-- login -->
        <test-method is-config="true" signature="close_app()[pri:0, instance:Business_logic.end_to_endScript@70e9c95d]" started-at="2023-12-15T14:57:30 IST" name="close_app" finished-at="2023-12-15T14:57:30 IST" duration-ms="127" status="PASS">
          <reporter-output>
          </reporter-output>
        </test-method> <!-- close_app -->
      </class> <!-- Business_logic.end_to_endScript -->
    </test> <!-- Default test -->
  </suite> <!-- Default suite -->
</testng-results>
